2026-02-28 15:33:35,919 - ERROR - Attempt 1 failed for 94.813.102/0001-70: 'str' object has no attribute 'get'
2026-02-28 15:33:37,921 - ERROR - Attempt 2 failed for 94.813.102/0001-70: 'str' object has no attribute 'get'
2026-02-28 15:33:40,890 - WARNING - Rate limited on 94.813.102/0001-70. Waiting 120s...
2026-02-28 15:37:16,066 - ERROR - Attempt 1 failed for 94.813.102/0001-70: 'str' object has no attribute 'get'
2026-02-28 15:37:18,068 - ERROR - Attempt 2 failed for 94.813.102/0001-70: 'str' object has no attribute 'get'
2026-02-28 15:37:21,023 - ERROR - Attempt 3 failed for 94.813.102/0001-70: 'str' object has no attribute 'get'
2026-02-28 15:40:43,195 - ERROR - Attempt 1 failed for 94.813.102/0001-70: 'str' object has no attribute 'get'
2026-02-28 15:40:45,063 - ERROR - Attempt 2 failed for 94.813.102/0001-70: 'str' object has no attribute 'get'
2026-02-28 15:40:47,955 - ERROR - Attempt 3 failed for 94.813.102/0001-70: 'str' object has no attribute 'get'
2026-03-01 15:44:32,440 - INFO - Loaded 5571 municipalities from XLS
2026-03-01 15:52:46,134 - INFO - Loaded 5571 municipalities from XLS
2026-03-01 15:56:45,727 - INFO - Loaded 5571 municipalities from XLS
2026-03-01 16:11:04,780 - WARNING - Rate limited on 17155730000164. Waiting 60s...
2026-03-01 16:12:14,361 - WARNING - Rate limited on 02932074000191. Waiting 60s...
2026-03-01 16:13:23,512 - WARNING - Rate limited on 01838723000127. Waiting 60s...
2026-03-01 16:14:34,338 - WARNING - Rate limited on 43470988000165. Waiting 60s...
2026-03-01 16:15:46,444 - WARNING - Rate limited on 17344597000194. Waiting 60s...
2026-03-01 16:16:59,604 - WARNING - Rate limited on 02916265000160. Waiting 60s...
2026-03-01 16:18:12,272 - WARNING - Rate limited on 37663076000107. Waiting 60s...
2026-03-01 16:19:23,580 - WARNING - Rate limited on 58430828000160. Waiting 60s...
2026-03-01 16:20:34,398 - WARNING - Rate limited on 21314559000166. Waiting 60s...
2026-03-01 16:21:45,653 - WARNING - Rate limited on 06057223000171. Waiting 60s...
2026-03-01 16:22:56,577 - WARNING - Rate limited on 92781335000102. Waiting 60s...
2026-03-01 16:24:08,764 - WARNING - Rate limited on 02474103000119. Waiting 60s...
2026-03-01 16:25:20,616 - WARNING - Rate limited on 00864214000106. Waiting 60s...
2026-03-01 16:26:31,137 - WARNING - Rate limited on 03847461000192. Waiting 60s...
2026-03-01 16:27:41,856 - WARNING - Rate limited on 07859971000130. Waiting 60s...
2026-03-01 16:28:55,848 - WARNING - Rate limited on 12528708000107. Waiting 60s...
2026-03-01 16:30:08,163 - WARNING - Rate limited on 02429144000193. Waiting 60s...
2026-03-01 16:31:21,482 - WARNING - Rate limited on 59717553000102. Waiting 60s...
2026-03-01 16:32:35,226 - WARNING - Rate limited on 88611835000129. Waiting 60s...
2026-03-01 16:33:48,188 - WARNING - Rate limited on 33376989000191. Waiting 60s...
2026-03-01 16:35:02,048 - WARNING - Rate limited on 09042817000105. Waiting 60s...
2026-03-01 16:36:13,233 - WARNING - Rate limited on 11725176000127. Waiting 60s...
2026-03-01 16:37:27,059 - WARNING - Rate limited on 47508411000156. Waiting 60s...
2026-03-01 16:38:38,272 - WARNING - Rate limited on 92754738000162. Waiting 60s...
2026-03-01 16:39:50,452 - WARNING - Rate limited on 92690783000109. Waiting 60s...
2026-03-01 16:41:03,038 - WARNING - Rate limited on 52548435000179. Waiting 60s...
2026-03-01 16:42:13,740 - WARNING - Rate limited on 60894730000105. Waiting 60s...
2026-03-01 16:43:23,081 - WARNING - Rate limited on 02800026000140. Waiting 60s...
2026-03-01 16:44:31,815 - WARNING - Rate limited on 07628528000159. Waiting 60s...
2026-03-01 16:45:42,322 - WARNING - Rate limited on 67620377000114. Waiting 60s...
2026-03-01 16:46:53,666 - WARNING - Rate limited on 16614075000100. Waiting 60s...
2026-03-01 16:48:03,861 - WARNING - Rate limited on 10807374000177. Waiting 60s...
2026-03-01 16:49:17,714 - WARNING - Rate limited on 01027058000191. Waiting 60s...
2026-03-01 16:53:40,684 - INFO - Loaded 5571 municipalities from XLS
2026-03-01 16:54:04,555 - WARNING - Rate limited on 17155730000164 (attempt 1). Retry-After=60s
2026-03-01 16:55:09,213 - WARNING - Rate limited on 02932074000191 (attempt 1). Retry-After=60s
2026-03-01 16:56:14,881 - WARNING - Rate limited on 01838723000127 (attempt 1). Retry-After=60s
2026-03-01 16:57:20,663 - WARNING - Rate limited on 43470988000165 (attempt 1). Retry-After=60s
2026-03-01 16:58:26,460 - WARNING - Rate limited on 17344597000194 (attempt 1). Retry-After=60s
2026-03-01 16:59:32,099 - WARNING - Rate limited on 02916265000160 (attempt 1). Retry-After=60s
2026-03-01 17:00:37,429 - WARNING - Rate limited on 37663076000107 (attempt 1). Retry-After=60s
2026-03-01 17:01:42,961 - WARNING - Rate limited on 58430828000160 (attempt 1). Retry-After=60s
2026-03-01 17:02:48,957 - WARNING - Rate limited on 21314559000166 (attempt 1). Retry-After=60s
2026-03-01 17:03:55,052 - WARNING - Rate limited on 06057223000171 (attempt 1). Retry-After=60s
2026-03-02 22:17:17,717 - INFO - Loaded 5571 municipalities from XLS
2026-03-02 22:17:45,788 - WARNING - Rate limited on 17155730000164 (attempt 1). Retry-After=60s
2026-03-02 22:18:50,076 - WARNING - Rate limited on 02932074000191 (attempt 1). Retry-After=60s
2026-03-02 22:19:54,574 - WARNING - Rate limited on 01838723000127 (attempt 1). Retry-After=60s
2026-03-02 22:20:59,657 - WARNING - Rate limited on 43470988000165 (attempt 1). Retry-After=60s
2026-03-02 22:22:05,016 - WARNING - Rate limited on 17344597000194 (attempt 1). Retry-After=60s
2026-03-02 22:23:10,103 - WARNING - Rate limited on 02916265000160 (attempt 1). Retry-After=60s
2026-03-02 22:24:14,350 - WARNING - Rate limited on 37663076000107 (attempt 1). Retry-After=60s
2026-03-02 22:25:19,481 - WARNING - Rate limited on 58430828000160 (attempt 1). Retry-After=60s
2026-03-02 22:26:24,019 - WARNING - Rate limited on 21314559000166 (attempt 1). Retry-After=60s
2026-03-02 22:27:28,756 - WARNING - Rate limited on 06057223000171 (attempt 1). Retry-After=60s
2026-03-02 22:28:33,747 - WARNING - Rate limited on 92781335000102 (attempt 1). Retry-After=60s
2026-03-02 22:29:38,430 - WARNING - Rate limited on 02474103000119 (attempt 1). Retry-After=60s
2026-03-02 22:30:42,896 - WARNING - Rate limited on 00864214000106 (attempt 1). Retry-After=60s
2026-03-02 22:31:47,110 - WARNING - Rate limited on 03847461000192 (attempt 1). Retry-After=60s
2026-03-02 22:32:51,384 - WARNING - Rate limited on 07859971000130 (attempt 1). Retry-After=60s
2026-03-02 22:33:56,279 - WARNING - Rate limited on 12528708000107 (attempt 1). Retry-After=60s
2026-03-02 22:35:01,448 - WARNING - Rate limited on 02429144000193 (attempt 1). Retry-After=60s
2026-03-02 22:36:06,144 - WARNING - Rate limited on 59717553000102 (attempt 1). Retry-After=60s
2026-03-02 22:37:11,044 - WARNING - Rate limited on 88611835000129 (attempt 1). Retry-After=60s
2026-03-02 22:38:15,537 - WARNING - Rate limited on 33376989000191 (attempt 1). Retry-After=60s
2026-03-02 22:39:20,603 - WARNING - Rate limited on 09042817000105 (attempt 1). Retry-After=60s
2026-03-02 22:40:25,107 - WARNING - Rate limited on 11725176000127 (attempt 1). Retry-After=60s
2026-03-02 22:41:30,547 - WARNING - Rate limited on 47508411000156 (attempt 1). Retry-After=60s
2026-03-02 22:42:35,169 - WARNING - Rate limited on 92754738000162 (attempt 1). Retry-After=60s
2026-03-02 22:43:39,710 - WARNING - Rate limited on 92690783000109 (attempt 1). Retry-After=60s
2026-03-02 22:44:44,916 - WARNING - Rate limited on 52548435000179 (attempt 1). Retry-After=60s
2026-03-02 22:45:48,997 - WARNING - Rate limited on 60894730000105 (attempt 1). Retry-After=60s
2026-03-02 22:46:53,560 - WARNING - Rate limited on 02800026000140 (attempt 1). Retry-After=60s
2026-03-02 22:47:58,703 - WARNING - Rate limited on 07628528000159 (attempt 1). Retry-After=60s
2026-03-02 22:49:03,834 - WARNING - Rate limited on 67620377000114 (attempt 1). Retry-After=60s
2026-03-02 22:50:08,469 - WARNING - Rate limited on 16614075000100 (attempt 1). Retry-After=60s
2026-03-02 22:51:12,825 - WARNING - Rate limited on 10807374000177 (attempt 1). Retry-After=60s
2026-03-02 22:52:16,952 - WARNING - Rate limited on 01027058000191 (attempt 1). Retry-After=60s
